\BOOKMARK [0][-]{section*.2}{摘 要}{}% 1
\BOOKMARK [0][-]{section*.3}{Abstract}{}% 2
\BOOKMARK [0][-]{section*.4}{誌 謝}{}% 3
\BOOKMARK [0][-]{chapter*.5}{目 次}{}% 4
\BOOKMARK [0][-]{chapter*.6}{表 目 錄}{}% 5
\BOOKMARK [0][-]{chapter*.7}{圖 目 錄}{}% 6
\BOOKMARK [0][-]{chapter.8}{1 緒論}{}% 7
\BOOKMARK [1][-]{section.9}{1.1 前言}{chapter.8}% 8
\BOOKMARK [2][-]{subsection.10}{1.1.1 てすと}{section.9}% 9
\BOOKMARK [2][-]{subsection.11}{1.1.2 テストテスト}{section.9}% 10
\BOOKMARK [1][-]{section.12}{1.2 研究動機}{chapter.8}% 11
\BOOKMARK [1][-]{section.13}{1.3 論文架構}{chapter.8}% 12
\BOOKMARK [0][-]{chapter.14}{2 水之呼吸}{}% 13
\BOOKMARK [1][-]{section.15}{2.1 水面斬}{chapter.14}% 14
\BOOKMARK [1][-]{section.16}{2.2 水車}{chapter.14}% 15
\BOOKMARK [0][-]{chapter.18}{3 實驗結果}{}% 16
\BOOKMARK [1][-]{section.19}{3.1 火箭隊}{chapter.18}% 17
\BOOKMARK [0][-]{chapter.20}{4 結論}{}% 18
\BOOKMARK [1][-]{section.21}{4.1 研究結論}{chapter.20}% 19
\BOOKMARK [1][-]{section.22}{4.2 未來展望}{chapter.20}% 20
\BOOKMARK [0][-]{chapter*.23}{參考文獻}{}% 21
